> tsc
src/main.ts(2,18): error TS7016: Could not find a declaration file for module 'cors'. '/opt/render/project/src/node_modules/cors/lib/index.js' implicitly has an 'any' type.
  Try `npm i --save-dev @types/cors` if it exists or add a new declaration (.d.ts) file containing `declare module 'cors';`
src/routes/auth.ts(6,28): error TS7016: Could not find a declaration file for module 'speakeasy'. '/opt/render/project/src/node_modules/speakeasy/index.js' implicitly has an 'any' type.
  Try `npm i --save-dev @types/speakeasy` if it exists or add a new declaration (.d.ts) file containing `declare module 'speakeasy';`
src/routes/auth.ts(9,30): error TS7016: Could not find a declaration file for module 'uuid'. '/opt/render/project/src/node_modules/uuid/dist/index.js' implicitly has an 'any' type.
  Try `npm i --save-dev @types/uuid` if it exists or add a new declaration (.d.ts) file containing `declare module 'uuid';`
src/routes/auth.ts(161,23): error TS2769: No overload matches this call.
  The last overload gave the following error.
    Argument of type '(req: AuthenticatedRequest, res: Response, next: NextFunction) => Promise<void | Response<any, Record<string, any>>>' is not assignable to parameter of type 'RequestHandlerParams<ParamsDictionary, any, any, ParsedQs, Record<string, any>>'.
      Type '(req: AuthenticatedRequest, res: Response, next: NextFunction) => Promise<void | Response<any, Record<string, any>>>' is not assignable to type 'RequestHandler<ParamsDictionary, any, any, ParsedQs, Record<string, any>>'.
        Types of parameters 'req' and 'req' are incompatible.
          Type 'Request<ParamsDictionary, any, any, ParsedQs, Record<string, any>>' is not assignable to type 'AuthenticatedRequest'.
            Types of property 'user' are incompatible.
              Type 'User | undefined' is not assignable to type '{ userId: number; role: string; email: string; } | undefined'.
                Type 'User' is missing the following properties from type '{ userId: number; role: string; email: string; }': userId, role, email
src/routes/auth.ts(178,61): error TS2345: Argument of type 'string | null' is not assignable to parameter of type 'string'.
  Type 'null' is not assignable to type 'string'.
src/routes/auth.ts(345,51): error TS2769: No overload matches this call.
  The last overload gave the following error.
    Argument of type '(req: AuthenticatedRequest, res: Response, next: NextFunction) => Promise<void | Response<any, Record<string, any>>>' is not assignable to parameter of type 'RequestHandlerParams<ParamsDictionary, any, any, ParsedQs, Record<string, any>>'.
      Type '(req: AuthenticatedRequest, res: Response, next: NextFunction) => Promise<void | Response<any, Record<string, any>>>' is not assignable to type 'RequestHandler<ParamsDictionary, any, any, ParsedQs, Record<string, any>>'.
        Types of parameters 'req' and 'req' are incompatible.
          Type 'Request<ParamsDictionary, any, any, ParsedQs, Record<string, any>>' is not assignable to type 'AuthenticatedRequest'.
            Types of property 'user' are incompatible.
              Type 'User | undefined' is not assignable to type '{ userId: number; role: string; email: string; } | undefined'.
                Type 'User' is missing the following properties from type '{ userId: number; role: string; email: string; }': userId, role, email
src/routes/auth.ts(367,75): error TS2345: Argument of type 'string | null' is not assignable to parameter of type 'string'.
  Type 'null' is not assignable to type 'string'.
src/routes/auth.ts(533,61): error TS2345: Argument of type 'string | null' is not assignable to parameter of type 'string'.
  Type 'null' is not assignable to type 'string'.
src/routes/auth.ts(629,61): error TS2345: Argument of type 'string | null' is not assignable to parameter of type 'string'.
  Type 'null' is not assignable to type 'string'.
src/routes/chat.ts(37,78): error TS2532: Object is possibly 'undefined'.
src/routes/chat.ts(41,7): error TS2339: Property 'filter' does not exist on type 'SQL<unknown>'.
src/routes/commodities.ts(9,30): error TS7016: Could not find a declaration file for module 'uuid'. '/opt/render/project/src/node_modules/uuid/dist/index.js' implicitly has an 'any' type.
  Try `npm i --save-dev @types/uuid` if it exists or add a new declaration (.d.ts) file containing `declare module 'uuid';`
src/routes/delivery.ts(462,9): error TS2769: No overload matches this call.
  Overload 1 of 3, '(left: PgColumn<{ name: "id"; tableName: "delivery_requests"; dataType: "string"; columnType: "PgUUID"; data: string; driverParam: string; notNull: true; hasDefault: true; enumValues: undefined; baseColumn: never; }, {}, {}>, right: string | SQLWrapper): SQL<...>', gave the following error.
    Argument of type 'number' is not assignable to parameter of type 'string | SQLWrapper'.
  Overload 2 of 3, '(left: Aliased<number>, right: number | SQLWrapper): SQL<unknown>', gave the following error.
    Argument of type 'PgColumn<{ name: "id"; tableName: "delivery_requests"; dataType: "string"; columnType: "PgUUID"; data: string; driverParam: string; notNull: true; hasDefault: true; enumValues: undefined; baseColumn: never; }, {}, {}>' is not assignable to parameter of type 'Aliased<number>'.
      Type 'PgColumn<{ name: "id"; tableName: "delivery_requests"; dataType: "string"; columnType: "PgUUID"; data: string; driverParam: string; notNull: true; hasDefault: true; enumValues: undefined; baseColumn: never; }, {}, {}>' is missing the following properties from type 'Aliased<number>': sql, fieldAlias
  Overload 3 of 3, '(left: never, right: unknown): SQL<unknown>', gave the following error.
    Argument of type 'PgColumn<{ name: "id"; tableName: "delivery_requests"; dataType: "string"; columnType: "PgUUID"; data: string; driverParam: string; notNull: true; hasDefault: true; enumValues: undefined; baseColumn: never; }, {}, {}>' is not assignable to parameter of type 'never'.
src/routes/delivery.ts(473,9): error TS2353: Object literal may only specify known properties, and 'currentLatitude' does not exist in type '{ id?: string | SQL<unknown> | undefined; customerId?: number | SQL<unknown> | undefined; merchantId?: number | SQL<unknown> | null | undefined; driverId?: number | SQL<unknown> | null | undefined; ... 20 more ...; updatedAt?: SQL<...> | ... 2 more ... | undefined; }'.
src/routes/delivery.ts(478,14): error TS2769: No overload matches this call.
  Overload 1 of 3, '(left: PgColumn<{ name: "id"; tableName: "delivery_requests"; dataType: "string"; columnType: "PgUUID"; data: string; driverParam: string; notNull: true; hasDefault: true; enumValues: undefined; baseColumn: never; }, {}, {}>, right: string | SQLWrapper): SQL<...>', gave the following error.
    Argument of type 'number' is not assignable to parameter of type 'string | SQLWrapper'.
  Overload 2 of 3, '(left: Aliased<number>, right: number | SQLWrapper): SQL<unknown>', gave the following error.
    Argument of type 'PgColumn<{ name: "id"; tableName: "delivery_requests"; dataType: "string"; columnType: "PgUUID"; data: string; driverParam: string; notNull: true; hasDefault: true; enumValues: undefined; baseColumn: never; }, {}, {}>' is not assignable to parameter of type 'Aliased<number>'.
      Type 'PgColumn<{ name: "id"; tableName: "delivery_requests"; dataType: "string"; columnType: "PgUUID"; data: string; driverParam: string; notNull: true; hasDefault: true; enumValues: undefined; baseColumn: never; }, {}, {}>' is missing the following properties from type 'Aliased<number>': sql, fieldAlias
  Overload 3 of 3, '(left: never, right: unknown): SQL<unknown>', gave the following error.
    Argument of type 'PgColumn<{ name: "id"; tableName: "delivery_requests"; dataType: "string"; columnType: "PgUUID"; data: string; driverParam: string; notNull: true; hasDefault: true; enumValues: undefined; baseColumn: never; }, {}, {}>' is not assignable to parameter of type 'never'.
src/routes/delivery.ts(502,9): error TS2769: No overload matches this call.
  Overload 1 of 3, '(left: PgColumn<{ name: "id"; tableName: "delivery_requests"; dataType: "string"; columnType: "PgUUID"; data: string; driverParam: string; notNull: true; hasDefault: true; enumValues: undefined; baseColumn: never; }, {}, {}>, right: string | SQLWrapper): SQL<...>', gave the following error.
    Argument of type 'number' is not assignable to parameter of type 'string | SQLWrapper'.
  Overload 2 of 3, '(left: Aliased<number>, right: number | SQLWrapper): SQL<unknown>', gave the following error.
    Argument of type 'PgColumn<{ name: "id"; tableName: "delivery_requests"; dataType: "string"; columnType: "PgUUID"; data: string; driverParam: string; notNull: true; hasDefault: true; enumValues: undefined; baseColumn: never; }, {}, {}>' is not assignable to parameter of type 'Aliased<number>'.
      Type 'PgColumn<{ name: "id"; tableName: "delivery_requests"; dataType: "string"; columnType: "PgUUID"; data: string; driverParam: string; notNull: true; hasDefault: true; enumValues: undefined; baseColumn: never; }, {}, {}>' is missing the following properties from type 'Aliased<number>': sql, fieldAlias
  Overload 3 of 3, '(left: never, right: unknown): SQL<unknown>', gave the following error.
    Argument of type 'PgColumn<{ name: "id"; tableName: "delivery_requests"; dataType: "string"; columnType: "PgUUID"; data: string; driverParam: string; notNull: true; hasDefault: true; enumValues: undefined; baseColumn: never; }, {}, {}>' is not assignable to parameter of type 'never'.
src/routes/delivery.ts(515,9): error TS2353: Object literal may only specify known properties, and 'pickupTime' does not exist in type '{ id?: string | SQL<unknown> | undefined; customerId?: number | SQL<unknown> | undefined; merchantId?: number | SQL<unknown> | null | undefined; driverId?: number | SQL<unknown> | null | undefined; ... 20 more ...; updatedAt?: SQL<...> | ... 2 more ... | undefined; }'.
src/routes/delivery.ts(520,14): error TS2769: No overload matches this call.
  Overload 1 of 3, '(left: PgColumn<{ name: "id"; tableName: "delivery_requests"; dataType: "string"; columnType: "PgUUID"; data: string; driverParam: string; notNull: true; hasDefault: true; enumValues: undefined; baseColumn: never; }, {}, {}>, right: string | SQLWrapper): SQL<...>', gave the following error.
    Argument of type 'number' is not assignable to parameter of type 'string | SQLWrapper'.
  Overload 2 of 3, '(left: Aliased<number>, right: number | SQLWrapper): SQL<unknown>', gave the following error.
    Argument of type 'PgColumn<{ name: "id"; tableName: "delivery_requests"; dataType: "string"; columnType: "PgUUID"; data: string; driverParam: string; notNull: true; hasDefault: true; enumValues: undefined; baseColumn: never; }, {}, {}>' is not assignable to parameter of type 'Aliased<number>'.
      Type 'PgColumn<{ name: "id"; tableName: "delivery_requests"; dataType: "string"; columnType: "PgUUID"; data: string; driverParam: string; notNull: true; hasDefault: true; enumValues: undefined; baseColumn: never; }, {}, {}>' is missing the following properties from type 'Aliased<number>': sql, fieldAlias
  Overload 3 of 3, '(left: never, right: unknown): SQL<unknown>', gave the following error.
    Argument of type 'PgColumn<{ name: "id"; tableName: "delivery_requests"; dataType: "string"; columnType: "PgUUID"; data: string; driverParam: string; notNull: true; hasDefault: true; enumValues: undefined; baseColumn: never; }, {}, {}>' is not assignable to parameter of type 'never'.
src/routes/delivery.ts(544,9): error TS2769: No overload matches this call.
  Overload 1 of 3, '(left: PgColumn<{ name: "id"; tableName: "delivery_requests"; dataType: "string"; columnType: "PgUUID"; data: string; driverParam: string; notNull: true; hasDefault: true; enumValues: undefined; baseColumn: never; }, {}, {}>, right: string | SQLWrapper): SQL<...>', gave the following error.
    Argument of type 'number' is not assignable to parameter of type 'string | SQLWrapper'.
  Overload 2 of 3, '(left: Aliased<number>, right: number | SQLWrapper): SQL<unknown>', gave the following error.
    Argument of type 'PgColumn<{ name: "id"; tableName: "delivery_requests"; dataType: "string"; columnType: "PgUUID"; data: string; driverParam: string; notNull: true; hasDefault: true; enumValues: undefined; baseColumn: never; }, {}, {}>' is not assignable to parameter of type 'Aliased<number>'.
      Type 'PgColumn<{ name: "id"; tableName: "delivery_requests"; dataType: "string"; columnType: "PgUUID"; data: string; driverParam: string; notNull: true; hasDefault: true; enumValues: undefined; baseColumn: never; }, {}, {}>' is missing the following properties from type 'Aliased<number>': sql, fieldAlias
  Overload 3 of 3, '(left: never, right: unknown): SQL<unknown>', gave the following error.
    Argument of type 'PgColumn<{ name: "id"; tableName: "delivery_requests"; dataType: "string"; columnType: "PgUUID"; data: string; driverParam: string; notNull: true; hasDefault: true; enumValues: undefined; baseColumn: never; }, {}, {}>' is not assignable to parameter of type 'never'.
src/routes/delivery.ts(557,9): error TS2561: Object literal may only specify known properties, but 'deliveryTime' does not exist in type '{ id?: string | SQL<unknown> | undefined; customerId?: number | SQL<unknown> | undefined; merchantId?: number | SQL<unknown> | null | undefined; driverId?: number | SQL<unknown> | null | undefined; ... 20 more ...; updatedAt?: SQL<...> | ... 2 more ... | undefined; }'. Did you mean to write 'deliveryType'?
src/routes/delivery.ts(564,14): error TS2769: No overload matches this call.
  Overload 1 of 3, '(left: PgColumn<{ name: "id"; tableName: "delivery_requests"; dataType: "string"; columnType: "PgUUID"; data: string; driverParam: string; notNull: true; hasDefault: true; enumValues: undefined; baseColumn: never; }, {}, {}>, right: string | SQLWrapper): SQL<...>', gave the following error.
    Argument of type 'number' is not assignable to parameter of type 'string | SQLWrapper'.
  Overload 2 of 3, '(left: Aliased<number>, right: number | SQLWrapper): SQL<unknown>', gave the following error.
    Argument of type 'PgColumn<{ name: "id"; tableName: "delivery_requests"; dataType: "string"; columnType: "PgUUID"; data: string; driverParam: string; notNull: true; hasDefault: true; enumValues: undefined; baseColumn: never; }, {}, {}>' is not assignable to parameter of type 'Aliased<number>'.
      Type 'PgColumn<{ name: "id"; tableName: "delivery_requests"; dataType: "string"; columnType: "PgUUID"; data: string; driverParam: string; notNull: true; hasDefault: true; enumValues: undefined; baseColumn: never; }, {}, {}>' is missing the following properties from type 'Aliased<number>': sql, fieldAlias
  Overload 3 of 3, '(left: never, right: unknown): SQL<unknown>', gave the following error.
    Argument of type 'PgColumn<{ name: "id"; tableName: "delivery_requests"; dataType: "string"; columnType: "PgUUID"; data: string; driverParam: string; notNull: true; hasDefault: true; enumValues: undefined; baseColumn: never; }, {}, {}>' is not assignable to parameter of type 'never'.
src/routes/delivery.ts(571,16): error TS2769: No overload matches this call.
  Overload 1 of 3, '(left: PgColumn<{ name: "id"; tableName: "orders"; dataType: "string"; columnType: "PgUUID"; data: string; driverParam: string; notNull: true; hasDefault: true; enumValues: undefined; baseColumn: never; }, {}, {}>, right: string | SQLWrapper): SQL<...>', gave the following error.
    Argument of type 'number' is not assignable to parameter of type 'string | SQLWrapper'.
  Overload 2 of 3, '(left: Aliased<number>, right: number | SQLWrapper): SQL<unknown>', gave the following error.
    Argument of type 'PgColumn<{ name: "id"; tableName: "orders"; dataType: "string"; columnType: "PgUUID"; data: string; driverParam: string; notNull: true; hasDefault: true; enumValues: undefined; baseColumn: never; }, {}, {}>' is not assignable to parameter of type 'Aliased<number>'.
      Type 'PgColumn<{ name: "id"; tableName: "orders"; dataType: "string"; columnType: "PgUUID"; data: string; driverParam: string; notNull: true; hasDefault: true; enumValues: undefined; baseColumn: never; }, {}, {}>' is missing the following properties from type 'Aliased<number>': sql, fieldAlias
  Overload 3 of 3, '(left: never, right: unknown): SQL<unknown>', gave the following error.
    Argument of type 'PgColumn<{ name: "id"; tableName: "orders"; dataType: "string"; columnType: "PgUUID"; data: string; driverParam: string; notNull: true; hasDefault: true; enumValues: undefined; baseColumn: never; }, {}, {}>' is not assignable to parameter of type 'never'.
src/routes/delivery.ts(615,46): error TS2339: Property 'currentLatitude' does not exist on type '{ id: string; createdAt: Date | null; updatedAt: Date | null; status: "PENDING" | "ASSIGNED" | "PICKED_UP" | "IN_TRANSIT" | "DELIVERED" | "CANCELLED" | null; deliveryAddress: string; ... 19 more ...; proofOfDelivery: string | null; }'.
src/routes/delivery.ts(615,87): error TS2339: Property 'currentLongitude' does not exist on type '{ id: string; createdAt: Date | null; updatedAt: Date | null; status: "PENDING" | "ASSIGNED" | "PICKED_UP" | "IN_TRANSIT" | "DELIVERED" | "CANCELLED" | null; deliveryAddress: string; ... 19 more ...; proofOfDelivery: string | null; }'.
src/routes/delivery.ts(616,52): error TS2339: Property 'currentLatitude' does not exist on type '{ id: string; createdAt: Date | null; updatedAt: Date | null; status: "PENDING" | "ASSIGNED" | "PICKED_UP" | "IN_TRANSIT" | "DELIVERED" | "CANCELLED" | null; deliveryAddress: string; ... 19 more ...; proofOfDelivery: string | null; }'.
src/routes/delivery.ts(617,53): error TS2339: Property 'currentLongitude' does not exist on type '{ id: string; createdAt: Date | null; updatedAt: Date | null; status: "PENDING" | "ASSIGNED" | "PICKED_UP" | "IN_TRANSIT" | "DELIVERED" | "CANCELLED" | null; deliveryAddress: string; ... 19 more ...; proofOfDelivery: string | null; }'.
src/routes/delivery.ts(618,40): error TS2339: Property 'currentAddress' does not exist on type '{ id: string; createdAt: Date | null; updatedAt: Date | null; status: "PENDING" | "ASSIGNED" | "PICKED_UP" | "IN_TRANSIT" | "DELIVERED" | "CANCELLED" | null; deliveryAddress: string; ... 19 more ...; proofOfDelivery: string | null; }'.
src/routes/delivery.ts(627,43): error TS2339: Property 'assignedAt' does not exist on type '{ id: string; createdAt: Date | null; updatedAt: Date | null; status: "PENDING" | "ASSIGNED" | "PICKED_UP" | "IN_TRANSIT" | "DELIVERED" | "CANCELLED" | null; deliveryAddress: string; ... 19 more ...; proofOfDelivery: string | null; }'.
src/routes/delivery.ts(628,43): error TS2339: Property 'pickupTime' does not exist on type '{ id: string; createdAt: Date | null; updatedAt: Date | null; status: "PENDING" | "ASSIGNED" | "PICKED_UP" | "IN_TRANSIT" | "DELIVERED" | "CANCELLED" | null; deliveryAddress: string; ... 19 more ...; proofOfDelivery: string | null; }'.
src/routes/delivery.ts(629,45): error TS2551: Property 'deliveryTime' does not exist on type '{ id: string; createdAt: Date | null; updatedAt: Date | null; status: "PENDING" | "ASSIGNED" | "PICKED_UP" | "IN_TRANSIT" | "DELIVERED" | "CANCELLED" | null; deliveryAddress: string; ... 19 more ...; proofOfDelivery: string | null; }'. Did you mean 'deliveryType'?
src/routes/delivery.ts(632,49): error TS2339: Property 'deliveryPhotoUrl' does not exist on type '{ id: string; createdAt: Date | null; updatedAt: Date | null; status: "PENDING" | "ASSIGNED" | "PICKED_UP" | "IN_TRANSIT" | "DELIVERED" | "CANCELLED" | null; deliveryAddress: string; ... 19 more ...; proofOfDelivery: string | null; }'.
src/routes/delivery.ts(633,46): error TS2339: Property 'recipientName' does not exist on type '{ id: string; createdAt: Date | null; updatedAt: Date | null; status: "PENDING" | "ASSIGNED" | "PICKED_UP" | "IN_TRANSIT" | "DELIVERED" | "CANCELLED" | null; deliveryAddress: string; ... 19 more ...; proofOfDelivery: string | null; }'.
src/routes/delivery.ts(634,46): error TS2551: Property 'deliveryNotes' does not exist on type '{ id: string; createdAt: Date | null; updatedAt: Date | null; status: "PENDING" | "ASSIGNED" | "PICKED_UP" | "IN_TRANSIT" | "DELIVERED" | "CANCELLED" | null; deliveryAddress: string; ... 19 more ...; proofOfDelivery: string | null; }'. Did you mean 'deliveryType'?
src/routes/delivery.ts(801,37): error TS2339: Property 'currentLatitude' does not exist on type '{ id: string; createdAt: Date | null; updatedAt: Date | null; status: "PENDING" | "ASSIGNED" | "PICKED_UP" | "IN_TRANSIT" | "DELIVERED" | "CANCELLED" | null; deliveryAddress: string; ... 19 more ...; proofOfDelivery: string | null; }'.
src/routes/delivery.ts(801,69): error TS2339: Property 'currentLongitude' does not exist on type '{ id: string; createdAt: Date | null; updatedAt: Date | null; status: "PENDING" | "ASSIGNED" | "PICKED_UP" | "IN_TRANSIT" | "DELIVERED" | "CANCELLED" | null; deliveryAddress: string; ... 19 more ...; proofOfDelivery: string | null; }'.
src/routes/delivery.ts(802,43): error TS2339: Property 'currentLatitude' does not exist on type '{ id: string; createdAt: Date | null; updatedAt: Date | null; status: "PENDING" | "ASSIGNED" | "PICKED_UP" | "IN_TRANSIT" | "DELIVERED" | "CANCELLED" | null; deliveryAddress: string; ... 19 more ...; proofOfDelivery: string | null; }'.
src/routes/delivery.ts(803,44): error TS2339: Property 'currentLongitude' does not exist on type '{ id: string; createdAt: Date | null; updatedAt: Date | null; status: "PENDING" | "ASSIGNED" | "PICKED_UP" | "IN_TRANSIT" | "DELIVERED" | "CANCELLED" | null; deliveryAddress: string; ... 19 more ...; proofOfDelivery: string | null; }'.
src/routes/fuel.ts(268,23): error TS2339: Property 'as' does not exist on type 'PgTableWithColumns<{ name: "users"; schema: undefined; columns: { id: PgColumn<{ name: "id"; tableName: "users"; dataType: "number"; columnType: "PgSerial"; data: number; driverParam: number; notNull: true; hasDefault: true; enumValues: undefined; baseColumn: never; }, {}, {}>; ... 20 more ...; updatedAt: PgColumn<....'.
src/routes/fuel.ts(309,44): error TS2345: Argument of type 'string | null' is not assignable to parameter of type 'string'.
  Type 'null' is not assignable to type 'string'.
src/routes/fuel.ts(694,23): error TS2339: Property 'as' does not exist on type 'PgTableWithColumns<{ name: "users"; schema: undefined; columns: { id: PgColumn<{ name: "id"; tableName: "users"; dataType: "number"; columnType: "PgSerial"; data: number; driverParam: number; notNull: true; hasDefault: true; enumValues: undefined; baseColumn: never; }, {}, {}>; ... 20 more ...; updatedAt: PgColumn<....'.
src/routes/notifications.ts(81,9): error TS7034: Variable 'notifications' implicitly has type 'any[]' in some locations where its type cannot be determined.
src/routes/notifications.ts(168,7): error TS7005: Variable 'notifications' implicitly has an 'any[]' type.
src/routes/orders.ts(497,41): error TS2304: Cannot find name 'axios'.
src/routes/orders.ts(639,58): error TS2345: Argument of type 'string | null' is not assignable to parameter of type 'string'.
  Type 'null' is not assignable to type 'string'.
src/routes/payment.ts(86,52): error TS2554: Expected 1 arguments, but got 3.
src/routes/payment.ts(89,53): error TS2554: Expected 1 arguments, but got 3.
src/routes/payment.ts(102,52): error TS2554: Expected 1 arguments, but got 3.
src/routes/payment.ts(134,52): error TS2554: Expected 1 arguments, but got 3.
src/routes/payment.ts(137,53): error TS2554: Expected 1 arguments, but got 3.
src/routes/payment.ts(148,52): error TS2554: Expected 1 arguments, but got 3.
src/routes/payment.ts(201,63): error TS2554: Expected 1 arguments, but got 3.
src/routes/payment.ts(202,64): error TS2554: Expected 1 arguments, but got 3.
src/routes/payment.ts(204,63): error TS2554: Expected 1 arguments, but got 3.
src/routes/payment.ts(225,44): error TS2769: No overload matches this call.
  The last overload gave the following error.
    Argument of type '(req: AuthenticatedRequest, res: Response, next: NextFunction) => Promise<void | Response<any, Record<string, any>>>' is not assignable to parameter of type 'RequestHandlerParams<ParamsDictionary, any, any, ParsedQs, Record<string, any>>'.
      Type '(req: AuthenticatedRequest, res: Response, next: NextFunction) => Promise<void | Response<any, Record<string, any>>>' is not assignable to type 'RequestHandler<ParamsDictionary, any, any, ParsedQs, Record<string, any>>'.
        Types of parameters 'req' and 'req' are incompatible.
          Type 'Request<ParamsDictionary, any, any, ParsedQs, Record<string, any>>' is not assignable to type 'AuthenticatedRequest'.
            Types of property 'user' are incompatible.
              Type 'User | undefined' is not assignable to type '{ userId: number; role: string; email: string; } | undefined'.
                Type 'User' is missing the following properties from type '{ userId: number; role: string; email: string; }': userId, role, email
src/routes/payment.ts(266,9): error TS2304: Cannot find name 'txRef'.
src/routes/payment.ts(278,14): error TS2322: Type '"paid"' is not assignable to type 'SQL<unknown> | "pending" | "confirmed" | "processing" | "shipped" | "delivered" | "cancelled" | "failed" | null | undefined'.
src/routes/payment.ts(282,38): error TS2554: Expected 1 arguments, but got 3.
src/routes/payment.ts(283,49): error TS2554: Expected 1 arguments, but got 3.
src/routes/payment.ts(507,47): error TS2554: Expected 1 arguments, but got 3.
src/routes/payment.ts(508,48): error TS2554: Expected 1 arguments, but got 3.
src/routes/payment.ts(572,45): error TS2554: Expected 1 arguments, but got 3.
src/routes/payment.ts(573,46): error TS2554: Expected 1 arguments, but got 3.
src/routes/payment.ts(587,81): error TS2769: No overload matches this call.
  The last overload gave the following error.
    Argument of type '(req: AuthenticatedRequest, res: Response, next: NextFunction) => Promise<void | Response<any, Record<string, any>>>' is not assignable to parameter of type 'RequestHandlerParams<ParamsDictionary, any, any, ParsedQs, Record<string, any>>'.
      Type '(req: AuthenticatedRequest, res: Response, next: NextFunction) => Promise<void | Response<any, Record<string, any>>>' is not assignable to type 'RequestHandler<ParamsDictionary, any, any, ParsedQs, Record<string, any>>'.
        Types of parameters 'req' and 'req' are incompatible.
          Type 'Request<ParamsDictionary, any, any, ParsedQs, Record<string, any>>' is not assignable to type 'AuthenticatedRequest'.
            Types of property 'user' are incompatible.
              Type 'User | undefined' is not assignable to type '{ userId: number; role: string; email: string; } | undefined'.
                Type 'User' is missing the following properties from type '{ userId: number; role: string; email: string; }': userId, role, email
src/routes/payment.ts(621,42): error TS2304: Cannot find name 'deliveryRequests'.
src/routes/payment.ts(623,15): error TS2304: Cannot find name 'deliveryRequests'.
src/routes/payment.ts(625,14): error TS2304: Cannot find name 'deliveryRequests'.
src/routes/payment.ts(626,14): error TS2304: Cannot find name 'deliveryRequests'.
src/routes/payment.ts(654,38): error TS2554: Expected 1 arguments, but got 3.
src/routes/products.ts(6,30): error TS7016: Could not find a declaration file for module 'uuid'. '/opt/render/project/src/node_modules/uuid/dist/index.js' implicitly has an 'any' type.
  Try `npm i --save-dev @types/uuid` if it exists or add a new declaration (.d.ts) file containing `declare module 'uuid';`
src/routes/receipts.ts(10,30): error TS7016: Could not find a declaration file for module 'uuid'. '/opt/render/project/src/node_modules/uuid/dist/index.js' implicitly has an 'any' type.
  Try `npm i --save-dev @types/uuid` if it exists or add a new declaration (.d.ts) file containing `declare module 'uuid';`
src/routes/social-auth.ts(50,24): error TS2345: Argument of type 'null' is not assignable to parameter of type 'false | User | undefined'.
src/routes/toll.ts(68,30): error TS2339: Property 'id' does not exist on type 'User'.
src/routes/toll.ts(117,30): error TS2531: Object is possibly 'null'.
src/routes/toll.ts(133,15): error TS18047: 'pricing' is possibly 'null'.
src/routes/toll.ts(134,17): error TS18047: 'pricing' is possibly 'null'.
src/routes/toll.ts(169,38): error TS2554: Expected 1 arguments, but got 3.
src/routes/toll.ts(171,41): error TS18047: 'pricing' is possibly 'null'.
src/routes/toll.ts(204,30): error TS2339: Property 'id' does not exist on type 'User'.
src/routes/toll.ts(211,7): error TS2322: Type 'SQL<unknown> | undefined' is not assignable to type 'SQL<unknown>'.
  Type 'undefined' is not assignable to type 'SQL<unknown>'.
src/routes/toll.ts(266,30): error TS2339: Property 'id' does not exist on type 'User'.
src/routes/toll.ts(318,63): error TS2345: Argument of type 'string[]' is not assignable to parameter of type 'string'.
src/routes/toll.ts(334,7): error TS2322: Type 'SQL<unknown> | undefined' is not assignable to type 'SQL<unknown>'.
  Type 'undefined' is not assignable to type 'SQL<unknown>'.
src/routes/toll.ts(337,7): error TS2322: Type 'SQL<unknown> | undefined' is not assignable to type 'SQL<unknown>'.
  Type 'undefined' is not assignable to type 'SQL<unknown>'.
src/routes/toll.ts(337,38): error TS2769: No overload matches this call.
  Overload 1 of 3, '(left: PgColumn<{ name: "vehicle_type"; tableName: "toll_payments"; dataType: "string"; columnType: "PgText"; data: "MOTORCYCLE" | "CAR" | "TRUCK" | "BUS" | "TRAILER"; driverParam: string; notNull: true; hasDefault: false; enumValues: [...]; baseColumn: never; }, {}, {}>, right: SQLWrapper | ... 4 more ... | "TRAILER"): SQL<...>', gave the following error.
    Argument of type 'string' is not assignable to parameter of type 'SQLWrapper | "MOTORCYCLE" | "CAR" | "TRUCK" | "BUS" | "TRAILER"'.
  Overload 2 of 3, '(left: Aliased<string>, right: string | SQLWrapper): SQL<unknown>', gave the following error.
    Argument of type 'PgColumn<{ name: "vehicle_type"; tableName: "toll_payments"; dataType: "string"; columnType: "PgText"; data: "MOTORCYCLE" | "CAR" | "TRUCK" | "BUS" | "TRAILER"; driverParam: string; notNull: true; hasDefault: false; enumValues: [...]; baseColumn: never; }, {}, {}>' is not assignable to parameter of type 'Aliased<string>'.
      Type 'PgColumn<{ name: "vehicle_type"; tableName: "toll_payments"; dataType: "string"; columnType: "PgText"; data: "MOTORCYCLE" | "CAR" | "TRUCK" | "BUS" | "TRAILER"; driverParam: string; notNull: true; hasDefault: false; enumValues: [...]; baseColumn: never; }, {}, {}>' is missing the following properties from type 'Aliased<string>': sql, fieldAlias
  Overload 3 of 3, '(left: never, right: unknown): SQL<unknown>', gave the following error.
    Argument of type 'PgColumn<{ name: "vehicle_type"; tableName: "toll_payments"; dataType: "string"; columnType: "PgText"; data: "MOTORCYCLE" | "CAR" | "TRUCK" | "BUS" | "TRAILER"; driverParam: string; notNull: true; hasDefault: false; enumValues: [...]; baseColumn: never; }, {}, {}>' is not assignable to parameter of type 'never'.
src/routes/toll.ts(340,7): error TS2322: Type 'SQL<unknown> | undefined' is not assignable to type 'SQL<unknown>'.
  Type 'undefined' is not assignable to type 'SQL<unknown>'.
src/routes/toll.ts(340,38): error TS2769: No overload matches this call.
  Overload 1 of 3, '(left: PgColumn<{ name: "status"; tableName: "toll_payments"; dataType: "string"; columnType: "PgText"; data: "PENDING" | "CANCELLED" | "SUCCESSFUL" | "FAILED"; driverParam: string; notNull: false; hasDefault: true; enumValues: [...]; baseColumn: never; }, {}, {}>, right: SQLWrapper | ... 3 more ... | "FAILED"): SQL<...>', gave the following error.
    Argument of type 'string' is not assignable to parameter of type 'SQLWrapper | "PENDING" | "CANCELLED" | "SUCCESSFUL" | "FAILED"'.
  Overload 2 of 3, '(left: Aliased<string>, right: string | SQLWrapper): SQL<unknown>', gave the following error.
    Argument of type 'PgColumn<{ name: "status"; tableName: "toll_payments"; dataType: "string"; columnType: "PgText"; data: "PENDING" | "CANCELLED" | "SUCCESSFUL" | "FAILED"; driverParam: string; notNull: false; hasDefault: true; enumValues: [...]; baseColumn: never; }, {}, {}>' is not assignable to parameter of type 'Aliased<string>'.
      Type 'PgColumn<{ name: "status"; tableName: "toll_payments"; dataType: "string"; columnType: "PgText"; data: "PENDING" | "CANCELLED" | "SUCCESSFUL" | "FAILED"; driverParam: string; notNull: false; hasDefault: true; enumValues: [...]; baseColumn: never; }, {}, {}>' is missing the following properties from type 'Aliased<string>': sql, fieldAlias
  Overload 3 of 3, '(left: never, right: unknown): SQL<unknown>', gave the following error.
    Argument of type 'PgColumn<{ name: "status"; tableName: "toll_payments"; dataType: "string"; columnType: "PgText"; data: "PENDING" | "CANCELLED" | "SUCCESSFUL" | "FAILED"; driverParam: string; notNull: false; hasDefault: true; enumValues: [...]; baseColumn: never; }, {}, {}>' is not assignable to parameter of type 'never'.
src/routes/toll.ts(343,7): error TS2322: Type 'SQL<unknown> | undefined' is not assignable to type 'SQL<unknown>'.
  Type 'undefined' is not assignable to type 'SQL<unknown>'.
src/routes/toll.ts(401,56): error TS2345: Argument of type 'string[]' is not assignable to parameter of type 'string'.
src/routes/toll.ts(407,7): error TS2322: Type 'SQL<unknown> | undefined' is not assignable to type 'SQL<unknown>'.
  Type 'undefined' is not assignable to type 'SQL<unknown>'.
src/routes/toll.ts(410,7): error TS2322: Type 'SQL<unknown> | undefined' is not assignable to type 'SQL<unknown>'.
  Type 'undefined' is not assignable to type 'SQL<unknown>'.
src/routes/toll.ts(488,61): error TS2345: Argument of type 'string[]' is not assignable to parameter of type 'string'.
src/routes/toll.ts(545,64): error TS2345: Argument of type 'string[]' is not assignable to parameter of type 'string'.
src/routes/upload.ts(2,20): error TS7016: Could not find a declaration file for module 'multer'. '/opt/render/project/src/node_modules/multer/index.js' implicitly has an 'any' type.
  Try `npm i --save-dev @types/multer` if it exists or add a new declaration (.d.ts) file containing `declare module 'multer';`
src/routes/upload.ts(25,27): error TS7006: Parameter 'req' implicitly has an 'any' type.
src/routes/upload.ts(25,32): error TS7006: Parameter 'file' implicitly has an 'any' type.
src/routes/upload.ts(25,38): error TS7006: Parameter 'cb' implicitly has an 'any' type.
src/routes/upload.ts(30,18): error TS7006: Parameter 'req' implicitly has an 'any' type.
src/routes/upload.ts(30,23): error TS7006: Parameter 'file' implicitly has an 'any' type.
src/routes/upload.ts(30,29): error TS7006: Parameter 'cb' implicitly has an 'any' type.
src/routes/upload.ts(37,18): error TS7006: Parameter 'req' implicitly has an 'any' type.
src/routes/upload.ts(37,23): error TS7006: Parameter 'file' implicitly has an 'any' type.
src/routes/upload.ts(37,29): error TS7006: Parameter 'cb' implicitly has an 'any' type.
src/routes/upload.ts(78,14): error TS2339: Property 'file' does not exist on type 'Request<ParamsDictionary, any, any, ParsedQs, Record<string, any>>'.
src/routes/upload.ts(82,45): error TS2339: Property 'file' does not exist on type 'Request<ParamsDictionary, any, any, ParsedQs, Record<string, any>>'.
src/routes/upload.ts(83,40): error TS2339: Property 'file' does not exist on type 'Request<ParamsDictionary, any, any, ParsedQs, Record<string, any>>'.
src/routes/upload.ts(83,77): error TS2339: Property 'id' does not exist on type 'User'.
src/routes/upload.ts(88,21): error TS2339: Property 'file' does not exist on type 'Request<ParamsDictionary, any, any, ParsedQs, Record<string, any>>'.
src/routes/upload.ts(89,25): error TS2339: Property 'file' does not exist on type 'Request<ParamsDictionary, any, any, ParsedQs, Record<string, any>>'.
src/routes/upload.ts(90,17): error TS2339: Property 'file' does not exist on type 'Request<ParamsDictionary, any, any, ParsedQs, Record<string, any>>'.
src/routes/upload.ts(93,50): error TS18046: 'error' is of type 'unknown'.
src/routes/upload.ts(93,83): error TS2339: Property 'id' does not exist on type 'User'.
src/routes/upload.ts(101,14): error TS2339: Property 'files' does not exist on type 'Request<ParamsDictionary, any, any, ParsedQs, Record<string, any>>'.
src/routes/upload.ts(101,28): error TS2339: Property 'files' does not exist on type 'Request<ParamsDictionary, any, any, ParsedQs, Record<string, any>>'.
src/routes/upload.ts(101,45): error TS2694: Namespace 'global.Express' has no exported member 'Multer'.
src/routes/upload.ts(105,23): error TS2339: Property 'files' does not exist on type 'Request<ParamsDictionary, any, any, ParsedQs, Record<string, any>>'.
src/routes/upload.ts(105,40): error TS2694: Namespace 'global.Express' has no exported member 'Multer'.
src/routes/upload.ts(112,72): error TS2339: Property 'id' does not exist on type 'User'.
src/routes/upload.ts(119,51): error TS18046: 'error' is of type 'unknown'.
src/routes/upload.ts(119,84): error TS2339: Property 'id' does not exist on type 'User'.
src/routes/upload.ts(127,14): error TS2339: Property 'file' does not exist on type 'Request<ParamsDictionary, any, any, ParsedQs, Record<string, any>>'.
src/routes/upload.ts(131,51): error TS2339: Property 'file' does not exist on type 'Request<ParamsDictionary, any, any, ParsedQs, Record<string, any>>'.
src/routes/upload.ts(132,43): error TS2339: Property 'file' does not exist on type 'Request<ParamsDictionary, any, any, ParsedQs, Record<string, any>>'.
src/routes/upload.ts(132,80): error TS2339: Property 'id' does not exist on type 'User'.
src/routes/upload.ts(137,21): error TS2339: Property 'file' does not exist on type 'Request<ParamsDictionary, any, any, ParsedQs, Record<string, any>>'.
src/routes/upload.ts(138,25): error TS2339: Property 'file' does not exist on type 'Request<ParamsDictionary, any, any, ParsedQs, Record<string, any>>'.
src/routes/upload.ts(139,17): error TS2339: Property 'file' does not exist on type 'Request<ParamsDictionary, any, any, ParsedQs, Record<string, any>>'.
src/routes/upload.ts(140,21): error TS2339: Property 'file' does not exist on type 'Request<ParamsDictionary, any, any, ParsedQs, Record<string, any>>'.
src/routes/upload.ts(143,53): error TS18046: 'error' is of type 'unknown'.
src/routes/upload.ts(143,86): error TS2339: Property 'id' does not exist on type 'User'.
src/routes/upload.ts(149,70): error TS2559: Type 'ZodObject<{ type: ZodEnum<["images", "documents", "qr-codes", "receipts"]>; filename: ZodString; }, "strip", ZodTypeAny, { type: "images" | "receipts" | "documents" | "qr-codes"; filename: string; }, { ...; }>' has no properties in common with type 'ValidationSchemas'.
src/routes/upload.ts(159,84): error TS2339: Property 'id' does not exist on type 'User'.
src/routes/upload.ts(162,11): error TS18046: 'err' is of type 'unknown'.
src/routes/upload.ts(163,95): error TS2339: Property 'id' does not exist on type 'User'.
src/routes/upload.ts(166,51): error TS18046: 'err' is of type 'unknown'.
src/routes/upload.ts(166,82): error TS2339: Property 'id' does not exist on type 'User'.
src/routes/upload.ts(171,68): error TS18046: 'error' is of type 'unknown'.
src/routes/upload.ts(172,35): error TS18046: 'error' is of type 'unknown'.
src/routes/upload.ts(190,75): error TS2339: Property 'id' does not exist on type 'User'.
src/routes/upload.ts(200,11): error TS18046: 'err' is of type 'unknown'.
src/routes/upload.ts(201,104): error TS2339: Property 'id' does not exist on type 'User'.
src/routes/upload.ts(204,53): error TS18046: 'err' is of type 'unknown'.
src/routes/upload.ts(204,84): error TS2339: Property 'id' does not exist on type 'User'.
src/routes/upload.ts(208,70): error TS18046: 'error' is of type 'unknown'.
src/routes/upload.ts(209,35): error TS18046: 'error' is of type 'unknown'.
src/routes/upload.ts(224,11): error TS2339: Property 'existsSync' does not exist on type 'typeof import("fs/promises")'.
src/routes/upload.ts(225,90): error TS2339: Property 'id' does not exist on type 'User'.
src/routes/users.ts(29,18): error TS2339: Property 'bio' does not exist on type 'PgTableWithColumns<{ name: "users"; schema: undefined; columns: { id: PgColumn<{ name: "id"; tableName: "users"; dataType: "number"; columnType: "PgSerial"; data: number; driverParam: number; notNull: true; hasDefault: true; enumValues: undefined; baseColumn: never; }, {}, {}>; ... 20 more ...; updatedAt: PgColumn<....'.
src/routes/users.ts(58,9): error TS2353: Object literal may only specify known properties, and 'bio' does not exist in type '{ id?: number | SQL<unknown> | undefined; userId?: string | SQL<unknown> | undefined; fullName?: string | SQL<unknown> | undefined; email?: string | SQL<unknown> | undefined; phone?: string | SQL<...> | null | undefined; ... 16 more ...; updatedAt?: SQL<...> | ... 2 more ... | undefined; }'.
src/routes/users.ts(81,29): error TS2339: Property 'bio' does not exist on type '{ role: "CONSUMER" | "MERCHANT" | "DRIVER"; id: number; userId: string; fullName: string; email: string; phone: string | null; password: string | null; profilePicture: string | null; isVerified: boolean | null; ... 12 more ...; updatedAt: Date | null; }'.
src/routes/users.ts(130,21): error TS2339: Property 'where' does not exist on type 'Omit<PgSelectBase<"users", { id: PgColumn<{ name: "id"; tableName: "users"; dataType: "number"; columnType: "PgSerial"; data: number; driverParam: number; notNull: true; hasDefault: true; enumValues: undefined; baseColumn: never; }, {}, {}>; ... 7 more ...; merchantProfile: { ...; }; }, ... 5 more ..., { ...; }>, "w...'.
src/routes/users.ts(169,18): error TS2339: Property 'bio' does not exist on type 'PgTableWithColumns<{ name: "users"; schema: undefined; columns: { id: PgColumn<{ name: "id"; tableName: "users"; dataType: "number"; columnType: "PgSerial"; data: number; driverParam: number; notNull: true; hasDefault: true; enumValues: undefined; baseColumn: never; }, {}, {}>; ... 20 more ...; updatedAt: PgColumn<....'.
src/routes/users.ts(445,7): error TS2304: Cannot find name 'or'.
src/routes/users.ts(481,9): error TS7034: Variable 'merchantProfiles' implicitly has type 'any[]' in some locations where its type cannot be determined.
src/routes/users.ts(484,17): error TS7005: Variable 'merchantProfiles' implicitly has an 'any[]' type.
src/routes/users.ts(484,34): error TS2339: Property 'userId' does not exist on type 'any[]'.
src/routes/users.ts(485,23): error TS7005: Variable 'merchantProfiles' implicitly has an 'any[]' type.
src/routes/users.ts(485,40): error TS2339: Property 'businessName' does not exist on type 'any[]'.
src/routes/users.ts(486,23): error TS7005: Variable 'merchantProfiles' implicitly has an 'any[]' type.
src/routes/users.ts(486,40): error TS2339: Property 'businessType' does not exist on type 'any[]'.
src/routes/users.ts(487,17): error TS7005: Variable 'merchantProfiles' implicitly has an 'any[]' type.
src/routes/users.ts(487,34): error TS2339: Property 'rating' does not exist on type 'any[]'.
src/routes/users.ts(488,22): error TS7005: Variable 'merchantProfiles' implicitly has an 'any[]' type.
src/routes/users.ts(488,39): error TS2339: Property 'reviewCount' does not exist on type 'any[]'.
src/routes/users.ts(489,21): error TS7005: Variable 'merchantProfiles' implicitly has an 'any[]' type.
src/routes/users.ts(489,38): error TS2339: Property 'isVerified' does not exist on type 'any[]'.
src/routes/users.ts(491,15): error TS2345: Argument of type 'any[]' is not assignable to parameter of type 'SQL<unknown> | PgTable<TableConfig> | Subquery<string, unknown> | PgViewBase<string, boolean, ColumnsSelection>'.
src/routes/users.ts(491,15): error TS7005: Variable 'merchantProfiles' implicitly has an 'any[]' type.
src/routes/users.ts(493,11): error TS2304: Cannot find name 'sql'.
src/routes/users.ts(493,17): error TS7005: Variable 'merchantProfiles' implicitly has an 'any[]' type.
src/routes/users.ts(493,34): error TS2339: Property 'userId' does not exist on type 'any[]'.
src/routes/users.ts(494,16): error TS7005: Variable 'merchantProfiles' implicitly has an 'any[]' type.
src/routes/users.ts(494,33): error TS2339: Property 'businessName' does not exist on type 'any[]'.
src/routes/users.ts(514,33): error TS7005: Variable 'merchantProfiles' implicitly has an 'any[]' type.
src/utils/auth.ts(1,17): error TS7016: Could not find a declaration file for module 'jsonwebtoken'. '/opt/render/project/src/node_modules/jsonwebtoken/index.js' implicitly has an 'any' type.
  Try `npm i --save-dev @types/jsonwebtoken` if it exists or add a new declaration (.d.ts) file containing `declare module 'jsonwebtoken';`
src/utils/auth.ts(2,20): error TS7016: Could not find a declaration file for module 'bcryptjs'. '/opt/render/project/src/node_modules/bcryptjs/index.js' implicitly has an 'any' type.
  Try `npm i --save-dev @types/bcryptjs` if it exists or add a new declaration (.d.ts) file containing `declare module 'bcryptjs';`
src/utils/mailer.ts(1,24): error TS7016: Could not find a declaration file for module 'nodemailer'. '/opt/render/project/src/node_modules/nodemailer/lib/nodemailer.js' implicitly has an 'any' type.